  ConfigurationType : DynamicLibrary
  Configuration     : DebugDLL
  PlatformToolset   : v142
  TargetPath        : K:\mylibrary\c++Learn_Notes\ZMQ\libzmq-4.2.5\libzmq-4.2.5\builds\msvc\vs2017\libzmq\..\..\..\..\bin\x64\Debug\v142\dynamic\libzmq.dll
  Option-tweet      : true
  Option-sodium     : 
  Option-openpgm    : 
  Option-gssapi     : 
  Option-draftapi   : 
  Option-usepoll    : 
  precompiled.cpp
  address.cpp
  client.cpp
  clock.cpp
  ctx.cpp
  curve_client.cpp
  curve_mechanism_base.cpp
  curve_server.cpp
  dealer.cpp
  decoder_allocators.cpp
  devpoll.cpp
  dgram.cpp
  dish.cpp
  dist.cpp
  epoll.cpp
  err.cpp
  fq.cpp
  gather.cpp
  gssapi_client.cpp
  gssapi_mechanism_base.cpp
  gssapi_server.cpp
  io_object.cpp
  io_thread.cpp
  ip.cpp
  ipc_address.cpp
  ipc_connecter.cpp
  ipc_listener.cpp
  kqueue.cpp
  lb.cpp
  mailbox.cpp
  mailbox_safe.cpp
  mechanism.cpp
  mechanism_base.cpp
  metadata.cpp
  msg.cpp
  mtrie.cpp
  null_mechanism.cpp
  object.cpp
  options.cpp
  own.cpp
  pair.cpp
  pgm_receiver.cpp
  pgm_sender.cpp
  pgm_socket.cpp
K:\mylibrary\c++Learn_Notes\ZMQ\libzmq-4.2.5\libzmq-4.2.5\src\mechanism.cpp(193,74): warning C4267: “+=”: 从“size_t”转换到“int”，可能丢失数据
  pipe.cpp
  plain_client.cpp
  plain_server.cpp
  poll.cpp
  poller_base.cpp
  proxy.cpp
  pub.cpp
  pull.cpp
  push.cpp
  radio.cpp
  random.cpp
  raw_decoder.cpp
  raw_encoder.cpp
  reaper.cpp
  rep.cpp
  req.cpp
  router.cpp
  scatter.cpp
  select.cpp
  server.cpp
  session_base.cpp
  signaler.cpp
  socket_base.cpp
  socket_poller.cpp
  socks.cpp
  socks_connecter.cpp
  stream.cpp
  stream_engine.cpp
  sub.cpp
  tcp.cpp
  tcp_address.cpp
  tcp_connecter.cpp
  tcp_listener.cpp
  thread.cpp
  timers.cpp
  trie.cpp
  udp_address.cpp
  udp_engine.cpp
  v1_decoder.cpp
  v1_encoder.cpp
  v2_decoder.cpp
  v2_encoder.cpp
  xpub.cpp
  xsub.cpp
  zap_client.cpp
  zmq.cpp
  zmq_utils.cpp
  tweetnacl.c
    正在创建库 K:\mylibrary\c++Learn_Notes\ZMQ\libzmq-4.2.5\libzmq-4.2.5\builds\msvc\vs2017\libzmq\..\..\..\..\bin\x64\Debug\v142\dynamic\libzmq.lib 和对象 K:\mylibrary\c++Learn_Notes\ZMQ\libzmq-4.2.5\libzmq-4.2.5\builds\msvc\vs2017\libzmq\..\..\..\..\bin\x64\Debug\v142\dynamic\libzmq.exp
  libzmq.vcxproj -> K:\mylibrary\c++Learn_Notes\ZMQ\libzmq-4.2.5\libzmq-4.2.5\builds\msvc\vs2017\libzmq\..\..\..\..\bin\x64\Debug\v142\dynamic\libzmq.dll
